2025-05-20 18:16:22.713 [main] INFO  org.testng.internal.Utils - [Utils] MethodGroupsHelper.collectMethodsByGroup() took 0 ms.
2025-05-20 18:16:22.718 [main] INFO  org.testng.internal.Utils - [Utils] MethodGroupsHelper.sortMethods() took 0 ms.
2025-05-20 18:16:22.719 [main] INFO  org.testng.internal.Utils - [Utils] MethodGroupsHelper.collectMethodsByGroup() took 0 ms.
2025-05-20 18:16:22.719 [main] INFO  org.testng.internal.Utils - [Utils] MethodGroupsHelper.sortMethods() took 0 ms.
2025-05-20 18:16:22.719 [main] INFO  org.testng.internal.Utils - [Utils] MethodGroupsHelper.collectMethodsByGroup() took 0 ms.
2025-05-20 18:16:22.720 [main] INFO  org.testng.internal.Utils - [Utils] MethodGroupsHelper.sortMethods() took 0 ms.
2025-05-20 18:16:22.721 [main] INFO  org.testng.internal.Utils - [Utils] MethodGroupsHelper.collectMethodsByGroup() took 0 ms.
2025-05-20 18:16:22.721 [main] INFO  org.testng.internal.Utils - [Utils] MethodGroupsHelper.sortMethods() took 0 ms.
2025-05-20 18:16:22.723 [main] INFO  org.testng.internal.Utils - [Utils] MethodGroupsHelper.collectMethodsByGroup() took 0 ms.
2025-05-20 18:16:22.723 [main] INFO  org.testng.internal.Utils - [Utils] MethodGroupsHelper.sortMethods() took 0 ms.
2025-05-20 18:16:22.724 [main] INFO  org.testng.internal.Utils - [Utils] MethodGroupsHelper.collectMethodsByGroup() took 0 ms.
2025-05-20 18:16:22.724 [main] INFO  org.testng.internal.Utils - [Utils] MethodGroupsHelper.sortMethods() took 0 ms.
2025-05-20 18:16:22.725 [main] INFO  org.testng.internal.Utils - [Utils] MethodGroupsHelper.collectMethodsByGroup() took 1 ms.
2025-05-20 18:16:22.725 [main] INFO  org.testng.internal.Utils - [Utils] MethodGroupsHelper.sortMethods() took 0 ms.
2025-05-20 18:16:22.727 [main] INFO  org.testng.internal.Utils - [Utils] MethodGroupsHelper.collectMethodsByGroup() took 0 ms.
2025-05-20 18:16:22.728 [main] INFO  org.testng.internal.Utils - [Utils] MethodGroupsHelper.sortMethods() took 0 ms.
2025-05-20 18:16:22.728 [main] INFO  org.testng.internal.Utils - [Utils] MethodGroupsHelper.collectMethodsByGroup() took 0 ms.
2025-05-20 18:16:22.728 [main] INFO  org.testng.internal.Utils - [Utils] MethodGroupsHelper.sortMethods() took 0 ms.
2025-05-20 18:16:22.732 [main] INFO  org.testng.internal.Utils - [TestNG] Running:
  D:\CallyTeamAccountSetup\src\test\java\TestCases\Master.xml

2025-05-20 18:16:22.987 [main] INFO  org.testng.internal.Utils - [Utils] DynamicGraphHelper.createDynamicGraph() took 15 ms.
2025-05-20 18:16:27.990 [main] INFO  TestCases.FullSetupTest - **** starting TC002_FullSetupTest****
2025-05-20 18:16:27.990 [main] DEBUG TestCases.FullSetupTest - This is a debug log message
2025-05-20 18:16:28.031 [main] INFO  TestCases.FullSetupTest - Providing User details..
2025-05-20 18:16:58.523 [main] INFO  TestCases.FullSetupTest - *****Finished TC002_FullSetupTest***** 
2025-05-20 18:16:59.680 [main] INFO  org.testng.internal.Utils - [TestNG] Time taken by org.testng.internal.ExitCodeListener@6af91cc8: 0 ms
